Loading required package: tidyverse
-- Attaching packages --------------------------------------- tidyverse 1.3.1 --
v ggplot2 3.3.5     v purrr   0.3.4
v tibble  3.1.2     v dplyr   1.0.7
v tidyr   1.1.3     v stringr 1.4.0
v readr   1.4.0     v forcats 0.5.1
-- Conflicts ------------------------------------------ tidyverse_conflicts() --
x dplyr::filter() masks stats::filter()
x dplyr::lag()    masks stats::lag()
Loading required package: rstudioapi
Loading required package: janitor

Attaching package: 'janitor'

The following objects are masked from 'package:stats':

    chisq.test, fisher.test

Loading required package: magrittr

Attaching package: 'magrittr'

The following object is masked from 'package:purrr':

    set_names

The following object is masked from 'package:tidyr':

    extract

Loading required package: sjlabelled

Attaching package: 'sjlabelled'

The following object is masked from 'package:forcats':

    as_factor

The following object is masked from 'package:dplyr':

    as_label

The following object is masked from 'package:ggplot2':

    as_label

Loading required package: styler
Loading required package: here
here() starts at C:/Windows/System32
Loading required package: bayesplot
This is bayesplot version 1.8.1
- Online documentation and vignettes at mc-stan.org/bayesplot
- bayesplot theme set to bayesplot::theme_default()
   * Does _not_ affect other ggplot2 plots
   * See ?bayesplot_theme_set for details on theme setting
Loading required package: brms
Loading required package: Rcpp
Loading 'brms' package (version 2.15.0). Useful instructions
can be found by typing help('brms'). A more detailed introduction
to the package is available through vignette('brms_overview').

Attaching package: 'brms'

The following object is masked from 'package:stats':

    ar

Loading required package: bayestestR
Loading required package: parallel
Loading required package: tidybayes

Attaching package: 'tidybayes'

The following object is masked from 'package:bayestestR':

    hdi

The following objects are masked from 'package:brms':

    dstudent_t, pstudent_t, qstudent_t, rstudent_t

Loading required package: modelr
Error in gzfile(file, "rb") : cannot open the connection
Calls: %>% ... filter -> full_join -> read_rds -> readRDS -> gzfile
In addition: Warning message:
In gzfile(file, "rb") :
  cannot open compressed file 'data/toloka.rds', probable reason 'No such file or directory'
Execution halted
